<?xml version="1.0" encoding="UTF-8"?>
<!-- Generated by org.testng.reporters.JUnitReportReporter -->
<testsuite hostname="MeAnanya" name="TestMaven.MyFirstTest.MavenTest" tests="1" failures="0" timestamp="12 Apr 2018 04:06:09 GMT" time="29.736" errors="0">
  <testcase name="xxxtest" time="29.736" classname="TestMaven.MyFirstTest.MavenTest"/>
</testsuite> <!-- TestMaven.MyFirstTest.MavenTest -->
